This is pdfTeX, Version 3.1415926-1.40.11 (TeX Live 2010) (format=latex 2011.2.21)  29 MAR 2011 14:50
entering extended mode
 restricted \write18 enabled.
 Source specials enabled.
 %&-line parsing enabled.
**Rapport.tex
(./Rapport.tex
LaTeX2e <2009/09/24>
Babel <v3.8l> and hyphenation patterns for english, dumylang, nohyphenation, ge
rman-x-2009-06-19, ngerman-x-2009-06-19, ancientgreek, ibycus, arabic, armenian
, basque, bulgarian, catalan, pinyin, coptic, croatian, czech, danish, dutch, u
kenglish, usenglishmax, esperanto, estonian, farsi, finnish, french, galician, 
german, ngerman, swissgerman, monogreek, greek, hungarian, icelandic, assamese,
 bengali, gujarati, hindi, kannada, malayalam, marathi, oriya, panjabi, tamil, 
telugu, indonesian, interlingua, irish, italian, kurmanji, lao, latin, latvian,
 lithuanian, mongolian, mongolianlmc, bokmal, nynorsk, polish, portuguese, roma
nian, russian, sanskrit, serbian, slovak, slovenian, spanish, swedish, turkish,
 turkmen, ukrainian, uppersorbian, welsh, loaded.
(/usr/local/texlive/2010/texmf-dist/tex/latex/base/article.cls
Document Class: article 2007/10/19 v1.4h Standard LaTeX document class
(/usr/local/texlive/2010/texmf-dist/tex/latex/base/size11.clo
File: size11.clo 2007/10/19 v1.4h Standard LaTeX file (size option)
)
\c@part=\count79
\c@section=\count80
\c@subsection=\count81
\c@subsubsection=\count82
\c@paragraph=\count83
\c@subparagraph=\count84
\c@figure=\count85
\c@table=\count86
\abovecaptionskip=\skip41
\belowcaptionskip=\skip42
\bibindent=\dimen102
) (./Rapport.aux)
\openout1 = `Rapport.aux'.

LaTeX Font Info:    Checking defaults for OML/cmm/m/it on input line 14.
LaTeX Font Info:    ... okay on input line 14.
LaTeX Font Info:    Checking defaults for T1/cmr/m/n on input line 14.
LaTeX Font Info:    ... okay on input line 14.
LaTeX Font Info:    Checking defaults for OT1/cmr/m/n on input line 14.
LaTeX Font Info:    ... okay on input line 14.
LaTeX Font Info:    Checking defaults for OMS/cmsy/m/n on input line 14.
LaTeX Font Info:    ... okay on input line 14.
LaTeX Font Info:    Checking defaults for OMX/cmex/m/n on input line 14.
LaTeX Font Info:    ... okay on input line 14.
LaTeX Font Info:    Checking defaults for U/cmr/m/n on input line 14.
LaTeX Font Info:    ... okay on input line 14.
LaTeX Font Info:    External font `cmex10' loaded for size
(Font)              <12> on input line 15.
LaTeX Font Info:    External font `cmex10' loaded for size
(Font)              <8> on input line 15.
LaTeX Font Info:    External font `cmex10' loaded for size
(Font)              <6> on input line 15.
[1

] (./Rapport.toc
LaTeX Font Info:    External font `cmex10' loaded for size
(Font)              <10.95> on input line 3.
)
\tf@toc=\write3
\openout3 = `Rapport.toc'.

 [1]
LaTeX Font Info:    Try loading font information for OMS+cmr on input line 29.

(/usr/local/texlive/2010/texmf-dist/tex/latex/base/omscmr.fd
File: omscmr.fd 1999/05/25 v2.5h Standard LaTeX font definitions
)
LaTeX Font Info:    Font shape `OMS/cmr/m/n' in size <10.95> not available
(Font)              Font shape `OMS/cmsy/m/n' tried instead on input line 29.
Missing character: There is no ¾ in font cmr10!
Missing character: There is no Œ in font cmr10!
Missing character: There is no ¿ in font cmr10!
Missing character: There is no Œ in font cmr10!
Missing character: There is no Œ in font cmr10!
Missing character: There is no Œ in font cmr10!
Missing character: There is no Œ in font cmr10!
Missing character: There is no ¿ in font cmr10!
Missing character: There is no ¿ in font cmr10!
Missing character: There is no ¿ in font cmr10!
Missing character: There is no Œ in font cmr10!
Missing character: There is no Œ in font cmr10!
Missing character: There is no Œ in font cmr10!
Missing character: There is no Œ in font cmr10!
Missing character: There is no ¾ in font cmr10!
Missing character: There is no ¾ in font cmr10!
Missing character: There is no Œ in font cmr10!
Missing character: There is no Œ in font cmr10!
Missing character: There is no ¾ in font cmr10!
Missing character: There is no Œ in font cmr10!
Missing character: There is no ¿ in font cmr10!
Missing character: There is no ¿ in font cmr10!
Missing character: There is no ¾ in font cmr10!
Missing character: There is no ¿ in font cmr10!
Missing character: There is no ¾ in font cmr10!
Missing character: There is no ¾ in font cmr10!
Missing character: There is no ¾ in font cmr10!
Missing character: There is no ¾ in font cmr10!
Missing character: There is no Œ in font cmr10!
Missing character: There is no ¿ in font cmr10!
Missing character: There is no Œ in font cmr10!
Missing character: There is no Œ in font cmr10!
Missing character: There is no Œ in font cmr10!
Missing character: There is no Œ in font cmr10!
 [2

]
Missing character: There is no Œ in font cmr10!
Missing character: There is no Œ in font cmr10!
Missing character: There is no ¾ in font cmr10!
Missing character: There is no ¿ in font cmr10!
Missing character: There is no Œ in font cmr10!
Missing character: There is no Œ in font cmr10!
Missing character: There is no ¿ in font cmr10!
 [3]
(./Rapport.aux) ) 
Here is how much of TeX's memory you used:
 252 strings out of 493748
 2865 string characters out of 3143569
 53070 words of memory out of 3000000
 3614 multiletter control sequences out of 15000+200000
 8811 words of font info for 31 fonts, out of 3000000 for 9000
 714 hyphenation exceptions out of 8191
 22i,6n,19p,271b,191s stack positions out of 5000i,500n,10000p,200000b,50000s

Output written on Rapport.dvi (4 pages, 9252 bytes).
