This is pdfTeX, Version 3.1415926-1.40.11 (MiKTeX 2.9) (preloaded format=pdflatex 2011.5.9)  13 MAY 2011 00:40
entering extended mode
**C:/Users/Jakob*Melnyk/workspace/KF04/src/report/finalReport/finalReport.tex
("C:/Users/Jakob Melnyk/workspace/KF04/src/report/finalReport/finalReport.tex"
LaTeX2e <2009/09/24>
Babel <v3.8l> and hyphenation patterns for english, afrikaans, ancientgreek, ar
abic, armenian, assamese, basque, bengali, bokmal, bulgarian, catalan, coptic, 
croatian, czech, danish, dutch, esperanto, estonian, farsi, finnish, french, ga
lician, german, german-x-2009-06-19, greek, gujarati, hindi, hungarian, iceland
ic, indonesian, interlingua, irish, italian, kannada, kurmanji, lao, latin, lat
vian, lithuanian, malayalam, marathi, mongolian, mongolianlmc, monogreek, ngerm
an, ngerman-x-2009-06-19, nynorsk, oriya, panjabi, pinyin, polish, portuguese, 
romanian, russian, sanskrit, serbian, slovak, slovenian, spanish, swedish, swis
sgerman, tamil, telugu, turkish, turkmen, ukenglish, ukrainian, uppersorbian, u
senglishmax, welsh, loaded.
("C:\Program Files (x86)\MiKTeX 2.9\tex\latex\base\report.cls"
Document Class: report 2007/10/19 v1.4h Standard LaTeX document class
("C:\Program Files (x86)\MiKTeX 2.9\tex\latex\base\size10.clo"
File: size10.clo 2007/10/19 v1.4h Standard LaTeX file (size option)
)
\c@part=\count79
\c@chapter=\count80
\c@section=\count81
\c@subsection=\count82
\c@subsubsection=\count83
\c@paragraph=\count84
\c@subparagraph=\count85
\c@figure=\count86
\c@table=\count87
\abovecaptionskip=\skip41
\belowcaptionskip=\skip42
\bibindent=\dimen102
)
("C:\Program Files (x86)\MiKTeX 2.9\tex\latex\base\inputenc.sty"
Package: inputenc 2008/03/30 v1.1d Input encoding file
\inpenc@prehook=\toks14
\inpenc@posthook=\toks15

("C:\Program Files (x86)\MiKTeX 2.9\tex\latex\base\latin1.def"
File: latin1.def 2008/03/30 v1.1d Input encoding file
))
("C:\Program Files (x86)\MiKTeX 2.9\tex\generic\babel\babel.sty"
Package: babel 2008/07/06 v3.8l The Babel package

*************************************
* Local config file bblopts.cfg used
*
("C:\Program Files (x86)\MiKTeX 2.9\tex\latex\00miktex\bblopts.cfg"
File: bblopts.cfg 2006/07/31 v1.0 MiKTeX 'babel' configuration
)
("C:\Program Files (x86)\MiKTeX 2.9\tex\generic\babel\english.ldf"
Language: english 2005/03/30 v3.3o English support from the babel system

("C:\Program Files (x86)\MiKTeX 2.9\tex\generic\babel\babel.def"
File: babel.def 2008/07/06 v3.8l Babel common definitions
\babel@savecnt=\count88
\U@D=\dimen103
)
\l@canadian = a dialect from \language\l@american 
\l@australian = a dialect from \language\l@british 
\l@newzealand = a dialect from \language\l@british 
))
("C:\Program Files (x86)\MiKTeX 2.9\tex\latex\lastpage\lastpage.sty"
Package: lastpage 2011/02/01 v1.2g Refers to last page's name (HMM; JPG)
)
("C:\Program Files (x86)\MiKTeX 2.9\tex\latex\fancyhdr\fancyhdr.sty"
\fancy@headwidth=\skip43
\f@ncyO@elh=\skip44
\f@ncyO@erh=\skip45
\f@ncyO@olh=\skip46
\f@ncyO@orh=\skip47
\f@ncyO@elf=\skip48
\f@ncyO@erf=\skip49
\f@ncyO@olf=\skip50
\f@ncyO@orf=\skip51
)
("C:\Program Files (x86)\MiKTeX 2.9\tex\latex\hyperref\nameref.sty"
Package: nameref 2010/04/30 v2.40 Cross-referencing by name of section

("C:\Program Files (x86)\MiKTeX 2.9\tex\latex\oberdiek\refcount.sty"
Package: refcount 2008/08/11 v3.1 Data extraction from references (HO)
)
("C:\Program Files (x86)\MiKTeX 2.9\tex\generic\oberdiek\gettitlestring.sty"
Package: gettitlestring 2009/12/18 v1.3 Cleanup title references (HO)

("C:\Program Files (x86)\MiKTeX 2.9\tex\latex\oberdiek\kvoptions.sty"
Package: kvoptions 2010/02/22 v3.7 Keyval support for LaTeX options (HO)

("C:\Program Files (x86)\MiKTeX 2.9\tex\latex\graphics\keyval.sty"
Package: keyval 1999/03/16 v1.13 key=value parser (DPC)
\KV@toks@=\toks16
)
("C:\Program Files (x86)\MiKTeX 2.9\tex\generic\oberdiek\kvsetkeys.sty"
Package: kvsetkeys 2010/03/01 v1.9 Key value parser (HO)

("C:\Program Files (x86)\MiKTeX 2.9\tex\generic\oberdiek\infwarerr.sty"
Package: infwarerr 2010/04/08 v1.3 Providing info/warning/message (HO)
)
("C:\Program Files (x86)\MiKTeX 2.9\tex\generic\oberdiek\etexcmds.sty"
Package: etexcmds 2010/01/28 v1.3 Prefix for e-TeX command names (HO)
Package etexcmds Info: Could not find \expanded.
(etexcmds)             That can mean that you are not using pdfTeX 1.50 or
(etexcmds)             that some package has redefined \expanded.
(etexcmds)             In the latter case, load this package earlier.
))))
("C:\Program Files (x86)\MiKTeX 2.9\tex\generic\oberdiek\ltxcmds.sty"
Package: ltxcmds 2010/04/26 v1.7 LaTeX kernel commands for general use (HO)
)
\c@section@level=\count89
LaTeX Info: Redefining \ref on input line 338.
LaTeX Info: Redefining \pageref on input line 338.
)
("C:\Users\Jakob Melnyk\workspace\KF04\src\report\finalReport\finalReport.aux"
("C:\Users\Jakob Melnyk\workspace\KF04\src\report\finalReport\chapters/product/
Background.aux")
("C:\Users\Jakob Melnyk\workspace\KF04\src\report\finalReport\chapters/product/
UI-Analysis.aux")
("C:\Users\Jakob Melnyk\workspace\KF04\src\report\finalReport\chapters/product/
Implementation.aux")
("C:\Users\Jakob Melnyk\workspace\KF04\src\report\finalReport\chapters/product/
TechnicalUML.aux")
("C:\Users\Jakob Melnyk\workspace\KF04\src\report\finalReport\chapters/product/
Tests.aux")
("C:\Users\Jakob Melnyk\workspace\KF04\src\report\finalReport\chapters/product/
Manual.aux")
("C:\Users\Jakob Melnyk\workspace\KF04\src\report\finalReport\chapters/process/
Constitution.aux")
("C:\Users\Jakob Melnyk\workspace\KF04\src\report\finalReport\chapters/process/
Diary.aux")
("C:\Users\Jakob Melnyk\workspace\KF04\src\report\finalReport\chapters/process/
Worksheets.aux"))
LaTeX Font Info:    Checking defaults for OML/cmm/m/it on input line 33.
LaTeX Font Info:    ... okay on input line 33.
LaTeX Font Info:    Checking defaults for T1/cmr/m/n on input line 33.
LaTeX Font Info:    ... okay on input line 33.
LaTeX Font Info:    Checking defaults for OT1/cmr/m/n on input line 33.
LaTeX Font Info:    ... okay on input line 33.
LaTeX Font Info:    Checking defaults for OMS/cmsy/m/n on input line 33.
LaTeX Font Info:    ... okay on input line 33.
LaTeX Font Info:    Checking defaults for OMX/cmex/m/n on input line 33.
LaTeX Font Info:    ... okay on input line 33.
LaTeX Font Info:    Checking defaults for U/cmr/m/n on input line 33.
LaTeX Font Info:    ... okay on input line 33.
Package lastpage Info: Please have a look at the pagesLTS package at
(lastpage)             http://www.ctan.org/tex-archive/ 
(lastpage)             macros/latex/contrib/pagesLTS/ 
(lastpage)             or
(lastpage)             http://www.ctan.org/tex-archive/ 
(lastpage)             install/macros/latex/contrib/pagesLTS.tds.zip
(lastpage)             ! on input line 33.
LaTeX Font Info:    External font `cmex10' loaded for size
(Font)              <12> on input line 34.
LaTeX Font Info:    External font `cmex10' loaded for size
(Font)              <8> on input line 34.
LaTeX Font Info:    External font `cmex10' loaded for size
(Font)              <6> on input line 34.
 [1

{C:/ProgramData/MiKTeX/2.9/pdftex/config/pdftex.map}]
("C:\Users\Jakob Melnyk\workspace\KF04\src\report\finalReport\finalReport.toc"
LaTeX Font Info:    External font `cmex10' loaded for size
(Font)              <7> on input line 4.
LaTeX Font Info:    External font `cmex10' loaded for size
(Font)              <5> on input line 4.

[1

] [2])
\tf@toc=\write3
 [3]
Chapter 1.
[4

]
("C:\Users\Jakob Melnyk\workspace\KF04\src\report\finalReport\chapters/product/
Background.tex"
Chapter 2.
[5


]) [6]
("C:\Users\Jakob Melnyk\workspace\KF04\src\report\finalReport\chapters/product/
UI-Analysis.tex"
Chapter 3.
[7



] [8]) [9] [10]
("C:\Users\Jakob Melnyk\workspace\KF04\src\report\finalReport\chapters/product/
Implementation.tex"
Chapter 4.
) [11



]
("C:\Users\Jakob Melnyk\workspace\KF04\src\report\finalReport\chapters/product/
TechnicalUML.tex"
Chapter 5.
) [12



]
("C:\Users\Jakob Melnyk\workspace\KF04\src\report\finalReport\chapters/product/
Tests.tex"
Chapter 6.
) [13



]
("C:\Users\Jakob Melnyk\workspace\KF04\src\report\finalReport\chapters/product/
Manual.tex"
Chapter 7.
) [14



]
Chapter 8.
[15


]
("C:\Users\Jakob Melnyk\workspace\KF04\src\report\finalReport\chapters/process/
Constitution.tex"
Chapter 9.
) [16


]
("C:\Users\Jakob Melnyk\workspace\KF04\src\report\finalReport\chapters/process/
Diary.tex"
Chapter 10.
) [17



]
("C:\Users\Jakob Melnyk\workspace\KF04\src\report\finalReport\chapters/process/
Worksheets.tex"
Chapter 11.
) [18



]
Chapter 12.
AED: lastpage setting LastPage 
[19


]
("C:\Users\Jakob Melnyk\workspace\KF04\src\report\finalReport\finalReport.aux"
("C:\Users\Jakob Melnyk\workspace\KF04\src\report\finalReport\chapters/product/
Background.aux")
("C:\Users\Jakob Melnyk\workspace\KF04\src\report\finalReport\chapters/product/
UI-Analysis.aux")
("C:\Users\Jakob Melnyk\workspace\KF04\src\report\finalReport\chapters/product/
Implementation.aux")
("C:\Users\Jakob Melnyk\workspace\KF04\src\report\finalReport\chapters/product/
TechnicalUML.aux")
("C:\Users\Jakob Melnyk\workspace\KF04\src\report\finalReport\chapters/product/
Tests.aux")
("C:\Users\Jakob Melnyk\workspace\KF04\src\report\finalReport\chapters/product/
Manual.aux")
("C:\Users\Jakob Melnyk\workspace\KF04\src\report\finalReport\chapters/process/
Constitution.aux")
("C:\Users\Jakob Melnyk\workspace\KF04\src\report\finalReport\chapters/process/
Diary.aux")
("C:\Users\Jakob Melnyk\workspace\KF04\src\report\finalReport\chapters/process/
Worksheets.aux")) ) 
Here is how much of TeX's memory you used:
 1336 strings out of 494019
 22907 string characters out of 3143862
 75728 words of memory out of 3000000
 4568 multiletter control sequences out of 15000+200000
 10111 words of font info for 35 fonts, out of 3000000 for 9000
 714 hyphenation exceptions out of 8191
 41i,11n,43p,345b,310s stack positions out of 5000i,500n,10000p,200000b,50000s
<C:/Program Files (x86)/MiKTeX 2.9/fonts/type1/public/amsfon
ts/cm/cmbx10.pfb><C:/Program Files (x86)/MiKTeX 2.9/fonts/type1/public/amsfonts
/cm/cmbx12.pfb><C:/Program Files (x86)/MiKTeX 2.9/fonts/type1/public/amsfonts/c
m/cmr10.pfb><C:/Program Files (x86)/MiKTeX 2.9/fonts/type1/public/amsfonts/cm/c
mr12.pfb><C:/Program Files (x86)/MiKTeX 2.9/fonts/type1/public/amsfonts/cm/cmr1
7.pfb><C:/Program Files (x86)/MiKTeX 2.9/fonts/type1/public/amsfonts/cm/cmsl10.
pfb><C:/Program Files (x86)/MiKTeX 2.9/fonts/type1/public/amsfonts/cm/cmss10.pf
b><C:/Program Files (x86)/MiKTeX 2.9/fonts/type1/public/amsfonts/cm/cmti10.pfb>
Output written on finalReport.pdf (20 pages, 147776 bytes).
PDF statistics:
 99 PDF objects out of 1000 (max. 8388607)
 0 named destinations out of 1000 (max. 500000)
 1 words of extra memory for PDF output out of 10000 (max. 10000000)

