\BOOKMARK [0][-]{chapter.1}{Preface}{}% 1
\BOOKMARK [0][-]{chapter.2}{Background}{}% 2
\BOOKMARK [1][-]{section.2.1}{Problem area}{chapter.2}% 3
\BOOKMARK [1][-]{section.2.2}{Requirements for the map}{chapter.2}% 4
\BOOKMARK [1][-]{section.2.3}{Our requirements}{chapter.2}% 5
\BOOKMARK [2][-]{subsection.2.3.1}{Project requirements}{section.2.3}% 6
\BOOKMARK [2][-]{subsection.2.3.2}{Our own requirements}{section.2.3}% 7
\BOOKMARK [1][-]{section.2.4}{Data set}{chapter.2}% 8
\BOOKMARK [2][-]{subsection.2.4.1}{UTM-coordinates}{section.2.4}% 9
\BOOKMARK [2][-]{subsection.2.4.2}{Graph}{section.2.4}% 10
\BOOKMARK [1][-]{section.2.5}{MVC structure}{chapter.2}% 11
\BOOKMARK [0][-]{chapter.3}{User Interface analysis}{}% 12
\BOOKMARK [1][-]{section.3.1}{User interface as a whole}{chapter.3}% 13
\BOOKMARK [1][-]{section.3.2}{Interesting features}{chapter.3}% 14
\BOOKMARK [2][-]{subsection.3.2.1}{Zoom}{section.3.2}% 15
\BOOKMARK [2][-]{subsection.3.2.2}{Navigation}{section.3.2}% 16
\BOOKMARK [2][-]{subsection.3.2.3}{Hotkeys}{section.3.2}% 17
\BOOKMARK [2][-]{subsection.3.2.4}{Markers}{section.3.2}% 18
\BOOKMARK [2][-]{subsection.3.2.5}{Bike/car}{section.3.2}% 19
\BOOKMARK [1][-]{section.3.3}{Features not implemented}{chapter.3}% 20
\BOOKMARK [2][-]{subsection.3.3.1}{Choice of roads to be displayed}{section.3.3}% 21
\BOOKMARK [2][-]{subsection.3.3.2}{Smooth scrolling}{section.3.3}% 22
\BOOKMARK [2][-]{subsection.3.3.3}{Dynamic route finding}{section.3.3}% 23
\BOOKMARK [0][-]{chapter.4}{Implementation}{}% 24
\BOOKMARK [1][-]{section.4.1}{Dijkstra vs A-star}{chapter.4}% 25
\BOOKMARK [1][-]{section.4.2}{Evaluator}{chapter.4}% 26
\BOOKMARK [1][-]{section.4.3}{Quadtree}{chapter.4}% 27
\BOOKMARK [1][-]{section.4.4}{Serialization}{chapter.4}% 28
\BOOKMARK [1][-]{section.4.5}{UTM-convertion}{chapter.4}% 29
\BOOKMARK [1][-]{section.4.6}{Mousezoom}{chapter.4}% 30
\BOOKMARK [1][-]{section.4.7}{Floats}{chapter.4}% 31
\BOOKMARK [0][-]{chapter.5}{UML-diagrams}{}% 32
\BOOKMARK [1][-]{section.5.1}{MVC}{chapter.5}% 33
\BOOKMARK [1][-]{section.5.2}{Simple Diagram}{chapter.5}% 34
\BOOKMARK [1][-]{section.5.3}{Control flow}{chapter.5}% 35
\BOOKMARK [0][-]{chapter.6}{Tests}{}% 36
\BOOKMARK [1][-]{section.6.1}{WhiteBox: closestEdge}{chapter.6}% 37
\BOOKMARK [1][-]{section.6.2}{JUnit}{chapter.6}% 38
\BOOKMARK [1][-]{section.6.3}{System test}{chapter.6}% 39
\BOOKMARK [0][-]{chapter.7}{Manual}{}% 40
\BOOKMARK [1][-]{section.7.1}{Navigation}{chapter.7}% 41
\BOOKMARK [2][-]{subsection.7.1.1}{GUI}{section.7.1}% 42
\BOOKMARK [2][-]{subsection.7.1.2}{Keyboard}{section.7.1}% 43
\BOOKMARK [1][-]{section.7.2}{Zoom}{chapter.7}% 44
\BOOKMARK [2][-]{subsection.7.2.1}{GUI}{section.7.2}% 45
\BOOKMARK [2][-]{subsection.7.2.2}{Keyboard}{section.7.2}% 46
\BOOKMARK [1][-]{section.7.3}{Route find}{chapter.7}% 47
\BOOKMARK [1][-]{section.7.4}{Bike/car}{chapter.7}% 48
\BOOKMARK [1][-]{section.7.5}{Resize}{chapter.7}% 49
\BOOKMARK [1][-]{section.7.6}{Road display}{chapter.7}% 50
\BOOKMARK [0][-]{chapter.8}{Product conclusion}{}% 51
\BOOKMARK [0][-]{chapter.9}{Group norms}{}% 52
\BOOKMARK [0][-]{chapter.10}{Diary}{}% 53
\BOOKMARK [0][-]{chapter.11}{Worksheets}{}% 54
\BOOKMARK [0][-]{chapter.12}{Process description and reflection}{}% 55
